{"/home/christian/Movies_poster-Capstone2/src/test/Counter.js": {"path":"/home/christian/Movies_poster-Capstone2/src/test/Counter.js","statementMap":{"0":{"start":{"line":1,"column":23},"end":{"line":1,"column":25}},"1":{"start":{"line":2,"column":16},"end":{"line":5,"column":1}},"2":{"start":{"line":3,"column":17},"end":{"line":3,"column":38}},"3":{"start":{"line":4,"column":2},"end":{"line":4,"column":16}},"4":{"start":{"line":6,"column":0},"end":{"line":6,"column":24}},"5":{"start":{"line":8,"column":13},"end":{"line":8,"column":104}},"6":{"start":{"line":9,"column":20},"end":{"line":9,"column":37}},"7":{"start":{"line":9,"column":26},"end":{"line":9,"column":37}},"8":{"start":{"line":10,"column":0},"end":{"line":10,"column":18}},"9":{"start":{"line":12,"column":0},"end":{"line":12,"column":25}},"10":{"start":{"line":13,"column":0},"end":{"line":13,"column":29}}},"fnMap":{"0":{"name":"(anonymous_0)","decl":{"start":{"line":2,"column":16},"end":{"line":2,"column":17}},"loc":{"start":{"line":2,"column":22},"end":{"line":5,"column":1}},"line":2},"1":{"name":"(anonymous_1)","decl":{"start":{"line":9,"column":20},"end":{"line":9,"column":21}},"loc":{"start":{"line":9,"column":26},"end":{"line":9,"column":37}},"line":9}},"branchMap":{},"s":{"0":1,"1":1,"2":1,"3":1,"4":1,"5":1,"6":1,"7":3,"8":1,"9":1,"10":1},"f":{"0":1,"1":3},"b":{},"_coverageSchema":"1a1c01bbd47fc00a2c39e90264f33305004495a9","hash":"ec8e012d5f94b1b7354af3c7e0cec8b072ef2588"}
}
